<?xml version="1.0" encoding="UTF-8"?>
<testng-results ignored="0" total="6" passed="6" failed="0" skipped="0">
  <reporter-output>
  </reporter-output>
  <suite started-at="2026-04-19T10:21:44Z" name="Default suite" finished-at="2026-04-19T10:23:42Z" duration-ms="118110">
    <groups>
      <group name="cucumber">
        <method signature="AbstractTestNGCucumberTests.runScenario(io.cucumber.testng.PickleWrapper, io.cucumber.testng.FeatureWrapper)[pri:0, instance:cucumberOptions.TestRunner@6ad3381f]" name="runScenario" class="io.cucumber.testng.AbstractTestNGCucumberTests"/>
      </group> <!-- cucumber -->
    </groups>
    <test started-at="2026-04-19T10:21:44Z" name="Default test" finished-at="2026-04-19T10:23:42Z" duration-ms="118110">
      <class name="cucumberOptions.TestRunner">
        <test-method is-config="true" signature="setUpClass(org.testng.ITestContext)[pri:0, instance:cucumberOptions.TestRunner@6ad3381f]" started-at="2026-04-19T10:21:44Z" name="setUpClass" finished-at="2026-04-19T10:21:45Z" duration-ms="507" status="PASS">
          <params>
            <param index="0">
              <value>
                <![CDATA[org.testng.TestRunner@48b4a043]]>
              </value>
            </param>
          </params>
          <reporter-output>
          </reporter-output>
        </test-method> <!-- setUpClass -->
        <test-method signature="runScenario(io.cucumber.testng.PickleWrapper, io.cucumber.testng.FeatureWrapper)[pri:0, instance:cucumberOptions.TestRunner@6ad3381f]" started-at="2026-04-19T10:21:45Z" name="runScenario" description="Runs Cucumber Scenarios" data-provider="scenarios" finished-at="2026-04-19T10:22:04Z" duration-ms="19656" status="PASS">
          <params>
            <param index="0">
              <value>
                <![CDATA["Verify each discount filter"]]>
              </value>
            </param>
            <param index="1">
              <value>
                <![CDATA["checking Discount feature"]]>
              </value>
            </param>
          </params>
          <reporter-output>
          </reporter-output>
        </test-method> <!-- runScenario -->
        <test-method signature="runScenario(io.cucumber.testng.PickleWrapper, io.cucumber.testng.FeatureWrapper)[pri:0, instance:cucumberOptions.TestRunner@6ad3381f]" started-at="2026-04-19T10:22:04Z" name="runScenario" description="Runs Cucumber Scenarios" data-provider="scenarios" finished-at="2026-04-19T10:22:26Z" duration-ms="21193" status="PASS">
          <params>
            <param index="0">
              <value>
                <![CDATA["Verify each discount filter"]]>
              </value>
            </param>
            <param index="1">
              <value>
                <![CDATA["checking Discount feature"]]>
              </value>
            </param>
          </params>
          <reporter-output>
          </reporter-output>
        </test-method> <!-- runScenario -->
        <test-method signature="runScenario(io.cucumber.testng.PickleWrapper, io.cucumber.testng.FeatureWrapper)[pri:0, instance:cucumberOptions.TestRunner@6ad3381f]" started-at="2026-04-19T10:22:26Z" name="runScenario" description="Runs Cucumber Scenarios" data-provider="scenarios" finished-at="2026-04-19T10:22:43Z" duration-ms="17091" status="PASS">
          <params>
            <param index="0">
              <value>
                <![CDATA["Verify each discount filter"]]>
              </value>
            </param>
            <param index="1">
              <value>
                <![CDATA["checking Discount feature"]]>
              </value>
            </param>
          </params>
          <reporter-output>
          </reporter-output>
        </test-method> <!-- runScenario -->
        <test-method signature="runScenario(io.cucumber.testng.PickleWrapper, io.cucumber.testng.FeatureWrapper)[pri:0, instance:cucumberOptions.TestRunner@6ad3381f]" started-at="2026-04-19T10:22:43Z" name="runScenario" description="Runs Cucumber Scenarios" data-provider="scenarios" finished-at="2026-04-19T10:22:59Z" duration-ms="16162" status="PASS">
          <params>
            <param index="0">
              <value>
                <![CDATA["Verify each discount filter"]]>
              </value>
            </param>
            <param index="1">
              <value>
                <![CDATA["checking Discount feature"]]>
              </value>
            </param>
          </params>
          <reporter-output>
          </reporter-output>
        </test-method> <!-- runScenario -->
        <test-method signature="runScenario(io.cucumber.testng.PickleWrapper, io.cucumber.testng.FeatureWrapper)[pri:0, instance:cucumberOptions.TestRunner@6ad3381f]" started-at="2026-04-19T10:22:59Z" name="runScenario" description="Runs Cucumber Scenarios" data-provider="scenarios" finished-at="2026-04-19T10:23:16Z" duration-ms="17170" status="PASS">
          <params>
            <param index="0">
              <value>
                <![CDATA["Verify each discount filter"]]>
              </value>
            </param>
            <param index="1">
              <value>
                <![CDATA["checking Discount feature"]]>
              </value>
            </param>
          </params>
          <reporter-output>
          </reporter-output>
        </test-method> <!-- runScenario -->
        <test-method signature="runScenario(io.cucumber.testng.PickleWrapper, io.cucumber.testng.FeatureWrapper)[pri:0, instance:cucumberOptions.TestRunner@6ad3381f]" started-at="2026-04-19T10:23:16Z" name="runScenario" description="Runs Cucumber Scenarios" data-provider="scenarios" finished-at="2026-04-19T10:23:42Z" duration-ms="26212" status="PASS">
          <params>
            <param index="0">
              <value>
                <![CDATA["Verify each discount filter"]]>
              </value>
            </param>
            <param index="1">
              <value>
                <![CDATA["checking Discount feature"]]>
              </value>
            </param>
          </params>
          <reporter-output>
          </reporter-output>
        </test-method> <!-- runScenario -->
        <test-method is-config="true" signature="tearDownClass()[pri:0, instance:cucumberOptions.TestRunner@6ad3381f]" started-at="2026-04-19T10:23:42Z" name="tearDownClass" finished-at="2026-04-19T10:23:42Z" duration-ms="4" status="PASS">
          <reporter-output>
          </reporter-output>
        </test-method> <!-- tearDownClass -->
      </class> <!-- cucumberOptions.TestRunner -->
    </test> <!-- Default test -->
  </suite> <!-- Default suite -->
</testng-results>
