<?xml version="1.0" encoding="UTF-8"?>
<!-- Generated by org.testng.reporters.JUnitReportReporter -->
<testsuite hostname="LAPTOP-2JHJLBGH" failures="0" tests="6" name="cucumberOptions.TestRunner" time="117.484" errors="0" timestamp="19 Apr 2026 10:23:42 GMT" skipped="0">
  <testcase classname="cucumberOptions.TestRunner" name="runScenario" time="17.091"/>
  <testcase classname="cucumberOptions.TestRunner" name="runScenario" time="16.162"/>
  <testcase classname="cucumberOptions.TestRunner" name="runScenario" time="19.656"/>
  <testcase classname="cucumberOptions.TestRunner" name="runScenario" time="21.193"/>
  <testcase classname="cucumberOptions.TestRunner" name="runScenario" time="26.212"/>
  <testcase classname="cucumberOptions.TestRunner" name="runScenario" time="17.170"/>
</testsuite> <!-- cucumberOptions.TestRunner -->
